<?xml version="1.0" encoding="UTF-8"?>
<testng-results skipped="0" failed="0" ignored="0" total="2" passed="2">
  <reporter-output>
  </reporter-output>
  <suite name="softwaretestingmaterial" duration-ms="36886" started-at="2018-08-05T08:07:17Z" finished-at="2018-08-05T08:07:54Z">
    <groups>
    </groups>
    <test name="testngTest" duration-ms="36886" started-at="2018-08-05T08:07:17Z" finished-at="2018-08-05T08:07:54Z">
      <class name="NewTestNGTest">
        <test-method status="PASS" signature="TestFireFox1()[pri:0, instance:NewTestNGTest@46d56d67]" name="TestFireFox1" duration-ms="36558" started-at="2018-08-05T08:07:17Z" finished-at="2018-08-05T08:07:54Z">
          <reporter-output>
          </reporter-output>
        </test-method> <!-- TestFireFox1 -->
        <test-method status="PASS" signature="TestChrome1()[pri:0, instance:NewTestNGTest@46d56d67]" name="TestChrome1" duration-ms="36862" started-at="2018-08-05T08:07:17Z" finished-at="2018-08-05T08:07:54Z">
          <reporter-output>
          </reporter-output>
        </test-method> <!-- TestChrome1 -->
      </class> <!-- NewTestNGTest -->
    </test> <!-- testngTest -->
  </suite> <!-- softwaretestingmaterial -->
</testng-results>
